Using pre-set license
Built from '2020.3/staging' branch; Version is '2020.3.28f1 (f5400f52e03f) revision 16072719'; Using compiler version '192528614'; Build Type 'Release'
OS: 'Windows 10  (10.0.19042) 64bit Education' Language: 'en' Physical Memory: 15668 MB
BatchMode: 1, IsHumanControllingUs: 0, StartBugReporterOnCrash: 0, Is64bit: 1, IsPro: 0

COMMAND LINE ARGUMENTS:
C:\Program Files\Unity\Hub\Editor\2020.3.28f1\Editor\Unity.exe
-adb2
-batchMode
-noUpm
-name
AssetImportWorker0
-projectPath
D:/Game_Dev/Voxel_Worlds
-logFile
Logs/AssetImportWorker0.log
-srvPort
49557
Successfully changed project path to: D:/Game_Dev/Voxel_Worlds
D:/Game_Dev/Voxel_Worlds
Using Asset Import Pipeline V2.
Refreshing native plugins compatible for Editor in 23.23 ms, found 2 plugins.
Preloading 0 native plugins for Editor in 0.00 ms.
Initialize engine version: 2020.3.28f1 (f5400f52e03f)
[Subsystems] Discovering subsystems at path C:/Program Files/Unity/Hub/Editor/2020.3.28f1/Editor/Data/Resources/UnitySubsystems
[Subsystems] Discovering subsystems at path D:/Game_Dev/Voxel_Worlds/Assets
GfxDevice: creating device client; threaded=0
Direct3D:
    Version:  Direct3D 11.0 [level 11.1]
    Renderer: NVIDIA GeForce RTX 3070 Ti (ID=0x2482)
    Vendor:   
    VRAM:     8041 MB
    Driver:   30.0.15.1215
Initialize mono
Mono path[0] = 'C:/Program Files/Unity/Hub/Editor/2020.3.28f1/Editor/Data/Managed'
Mono path[1] = 'C:/Program Files/Unity/Hub/Editor/2020.3.28f1/Editor/Data/MonoBleedingEdge/lib/mono/unityjit'
Mono config path = 'C:/Program Files/Unity/Hub/Editor/2020.3.28f1/Editor/Data/MonoBleedingEdge/etc'
Using monoOptions --debugger-agent=transport=dt_socket,embedding=1,server=y,suspend=n,address=127.0.0.1:56444
Begin MonoManager ReloadAssembly
Registering precompiled unity dll's ...
Register platform support module: C:/Program Files/Unity/Hub/Editor/2020.3.28f1/Editor/Data/PlaybackEngines/WindowsStandaloneSupport/UnityEditor.WindowsStandalone.Extensions.dll
Registered in 0.001851 seconds.
Native extension for WindowsStandalone target not found
Refreshing native plugins compatible for Editor in 22.09 ms, found 2 plugins.
Preloading 0 native plugins for Editor in 0.00 ms.
Mono: successfully reloaded assembly
- Completed reload, in  0.420 seconds
Domain Reload Profiling:
	ReloadAssembly (420ms)
		BeginReloadAssembly (51ms)
			ExecutionOrderSort (0ms)
			DisableScriptedObjects (0ms)
			BackupInstance (0ms)
			ReleaseScriptingObjects (0ms)
			CreateAndSetChildDomain (1ms)
		EndReloadAssembly (314ms)
			LoadAssemblies (49ms)
			RebuildTransferFunctionScriptingTraits (0ms)
			SetupTypeCache (96ms)
			ReleaseScriptCaches (0ms)
			RebuildScriptCaches (20ms)
			SetupLoadedEditorAssemblies (119ms)
				LogAssemblyErrors (0ms)
				InitializePlatformSupportModulesInManaged (4ms)
				SetLoadedEditorAssemblies (0ms)
				RefreshPlugins (22ms)
				BeforeProcessingInitializeOnLoad (10ms)
				ProcessInitializeOnLoadAttributes (62ms)
				ProcessInitializeOnLoadMethodAttributes (21ms)
				AfterProcessingInitializeOnLoad (0ms)
				EditorAssembliesLoaded (0ms)
			ExecutionOrderSort2 (0ms)
			AwakeInstancesAfterBackupRestoration (0ms)
Platform modules already initialized, skipping
Registering precompiled user dll's ...
Registered in 0.003840 seconds.
Begin MonoManager ReloadAssembly
Native extension for WindowsStandalone target not found
Refreshing native plugins compatible for Editor in 0.40 ms, found 2 plugins.
Preloading 0 native plugins for Editor in 0.00 ms.
Mono: successfully reloaded assembly
- Completed reload, in  0.717 seconds
Domain Reload Profiling:
	ReloadAssembly (718ms)
		BeginReloadAssembly (110ms)
			ExecutionOrderSort (0ms)
			DisableScriptedObjects (4ms)
			BackupInstance (0ms)
			ReleaseScriptingObjects (0ms)
			CreateAndSetChildDomain (17ms)
		EndReloadAssembly (562ms)
			LoadAssemblies (73ms)
			RebuildTransferFunctionScriptingTraits (0ms)
			SetupTypeCache (182ms)
			ReleaseScriptCaches (0ms)
			RebuildScriptCaches (27ms)
			SetupLoadedEditorAssemblies (228ms)
				LogAssemblyErrors (0ms)
				InitializePlatformSupportModulesInManaged (4ms)
				SetLoadedEditorAssemblies (0ms)
				RefreshPlugins (0ms)
				BeforeProcessingInitializeOnLoad (67ms)
				ProcessInitializeOnLoadAttributes (140ms)
				ProcessInitializeOnLoadMethodAttributes (8ms)
				AfterProcessingInitializeOnLoad (8ms)
				EditorAssembliesLoaded (0ms)
			ExecutionOrderSort2 (0ms)
			AwakeInstancesAfterBackupRestoration (6ms)
Platform modules already initialized, skipping
========================================================================
Worker process is ready to serve import requests
Launched and connected shader compiler UnityShaderCompiler.exe after 0.04 seconds
Refreshing native plugins compatible for Editor in 0.37 ms, found 2 plugins.
Preloading 0 native plugins for Editor in 0.00 ms.
Unloading 1502 Unused Serialized files (Serialized files now loaded: 0)
System memory in use before: 67.5 MB.
System memory in use after: 67.5 MB.

Unloading 19 unused Assets to reduce memory usage. Loaded Objects now: 1934.
Total: 2.493100 ms (FindLiveObjects: 0.133200 ms CreateObjectMapping: 0.037100 ms MarkObjects: 2.261800 ms  DeleteObjects: 0.060200 ms)

AssetImportParameters requested are different than current active one (requested -> active):
  custom:framework-win-MediaFoundation: 216162199b28c13a410421893ffa2e32 -> 
  custom:video-decoder-ogg-theora: a1e56fd34408186e4bbccfd4996cb3dc -> 
  custom:container-muxer-webm: aa71ff27fc2769a1b78a27578f13a17b -> 
  custom:container-demuxer-webm: 4f35f7cbe854078d1ac9338744f61a02 -> 
  custom:container-demuxer-ogg: 62fdf1f143b41e24485cea50d1cbac27 -> 
  custom:video-encoder-webm-vp8: eb34c28f22e8b96e1ab97ce403110664 -> 
  custom:video-decoder-webm-vp8: 9c59270c3fd7afecdb556c50c9e8de78 -> 
  custom:audio-decoder-ogg-vorbis: bf7c407c2cedff20999df2af8eb42d56 -> 
  custom:audio-encoder-webm-vorbis: bf7c407c2cedff20999df2af8eb42d56 -> 
========================================================================
Received Import Request.
  path: Assets
  artifactKey: Guid(00000000000000001000000000000000) Importer(815301076,1909f56bfc062723c751e8b465ee728b)
Start importing Assets using Guid(00000000000000001000000000000000) Importer(815301076,1909f56bfc062723c751e8b465ee728b)  -> (artifact id: '42d402b061de3733987d63b9cc3b64de') in 0.008391 seconds 
  Import took 0.031698 seconds .

========================================================================
Received Import Request.
  Time since last request: 6.189497 seconds.
  path: Assets/New Folder
  artifactKey: Guid(d97d2f22e70828543b15e5620cd5335f) Importer(815301076,1909f56bfc062723c751e8b465ee728b)
Start importing Assets/New Folder using Guid(d97d2f22e70828543b15e5620cd5335f) Importer(815301076,1909f56bfc062723c751e8b465ee728b)  -> (artifact id: '152c2dd664386b95545bfa74cee2c269') in 0.005489 seconds 
  Import took 0.008146 seconds .

========================================================================
Received Import Request.
  Time since last request: 8.632698 seconds.
  path: Assets/Downloaded_Packages
  artifactKey: Guid(d97d2f22e70828543b15e5620cd5335f) Importer(815301076,1909f56bfc062723c751e8b465ee728b)
Start importing Assets/Downloaded_Packages using Guid(d97d2f22e70828543b15e5620cd5335f) Importer(815301076,1909f56bfc062723c751e8b465ee728b)  -> (artifact id: 'aa948f3382d1e785bd2ca05e17c732b7') in 0.005626 seconds 
  Import took 0.009365 seconds .

========================================================================
Received Import Request.
  Time since last request: 34.082577 seconds.
  path: Assets/Downloaded_Packages/AnatomyOfCube.unitypackage
  artifactKey: Guid(8c647e09caca11342bcfb3503e01bc72) Importer(815301076,1909f56bfc062723c751e8b465ee728b)
Start importing Assets/Downloaded_Packages/AnatomyOfCube.unitypackage using Guid(8c647e09caca11342bcfb3503e01bc72) Importer(815301076,1909f56bfc062723c751e8b465ee728b)  -> (artifact id: 'e1f065bc02584a2944dca6e29fcf689b') in 0.026997 seconds 
  Import took 0.039375 seconds .

========================================================================
Received Prepare
Registering precompiled user dll's ...
Registered in 0.003518 seconds.
Begin MonoManager ReloadAssembly
Native extension for WindowsStandalone target not found
Refreshing native plugins compatible for Editor in 0.38 ms, found 2 plugins.
Preloading 0 native plugins for Editor in 0.00 ms.
Mono: successfully reloaded assembly
- Completed reload, in  0.683 seconds
Domain Reload Profiling:
	ReloadAssembly (683ms)
		BeginReloadAssembly (95ms)
			ExecutionOrderSort (0ms)
			DisableScriptedObjects (3ms)
			BackupInstance (0ms)
			ReleaseScriptingObjects (0ms)
			CreateAndSetChildDomain (29ms)
		EndReloadAssembly (543ms)
			LoadAssemblies (74ms)
			RebuildTransferFunctionScriptingTraits (0ms)
			SetupTypeCache (178ms)
			ReleaseScriptCaches (1ms)
			RebuildScriptCaches (24ms)
			SetupLoadedEditorAssemblies (215ms)
				LogAssemblyErrors (0ms)
				InitializePlatformSupportModulesInManaged (3ms)
				SetLoadedEditorAssemblies (0ms)
				RefreshPlugins (0ms)
				BeforeProcessingInitializeOnLoad (66ms)
				ProcessInitializeOnLoadAttributes (131ms)
				ProcessInitializeOnLoadMethodAttributes (7ms)
				AfterProcessingInitializeOnLoad (6ms)
				EditorAssembliesLoaded (0ms)
			ExecutionOrderSort2 (0ms)
			AwakeInstancesAfterBackupRestoration (5ms)
Platform modules already initialized, skipping
Refreshing native plugins compatible for Editor in 0.38 ms, found 2 plugins.
Preloading 0 native plugins for Editor in 0.00 ms.
Unloading 1497 Unused Serialized files (Serialized files now loaded: 0)
System memory in use before: 70.9 MB.
System memory in use after: 71.0 MB.

Unloading 14 unused Assets to reduce memory usage. Loaded Objects now: 1939.
Total: 2.356100 ms (FindLiveObjects: 0.140200 ms CreateObjectMapping: 0.036300 ms MarkObjects: 2.160000 ms  DeleteObjects: 0.018600 ms)

AssetImportParameters requested are different than current active one (requested -> active):
  custom:framework-win-MediaFoundation: 216162199b28c13a410421893ffa2e32 -> 
  custom:video-decoder-ogg-theora: a1e56fd34408186e4bbccfd4996cb3dc -> 
  custom:container-muxer-webm: aa71ff27fc2769a1b78a27578f13a17b -> 
  custom:container-demuxer-webm: 4f35f7cbe854078d1ac9338744f61a02 -> 
  custom:container-demuxer-ogg: 62fdf1f143b41e24485cea50d1cbac27 -> 
  custom:video-encoder-webm-vp8: eb34c28f22e8b96e1ab97ce403110664 -> 
  custom:video-decoder-webm-vp8: 9c59270c3fd7afecdb556c50c9e8de78 -> 
  custom:audio-decoder-ogg-vorbis: bf7c407c2cedff20999df2af8eb42d56 -> 
  custom:audio-encoder-webm-vorbis: bf7c407c2cedff20999df2af8eb42d56 -> 
========================================================================
Received Import Request.
  Time since last request: 20.066952 seconds.
  path: Assets/image.png
  artifactKey: Guid(2aa0ddf05d307439cb9be530a9609ea1) Importer(815301076,1909f56bfc062723c751e8b465ee728b)
Start importing Assets/image.png using Guid(2aa0ddf05d307439cb9be530a9609ea1) Importer(815301076,1909f56bfc062723c751e8b465ee728b)  -> (artifact id: '00f504e69ea100df4cbad48a23de8b8f') in 0.076060 seconds 
  Import took 0.078647 seconds .

========================================================================
Received Import Request.
  Time since last request: 0.000167 seconds.
  path: Assets/marble.jpg
  artifactKey: Guid(98adb83e1e5874d619d860cf011cf65d) Importer(815301076,1909f56bfc062723c751e8b465ee728b)
Start importing Assets/marble.jpg using Guid(98adb83e1e5874d619d860cf011cf65d) Importer(815301076,1909f56bfc062723c751e8b465ee728b)  -> (artifact id: '2f924f79e8dc05f184ed9fd5848d94f1') in 0.012606 seconds 
  Import took 0.028401 seconds .

========================================================================
Received Import Request.
  Time since last request: 0.000214 seconds.
  path: Assets/TextureMap.mat
  artifactKey: Guid(90ee5089f25184081b79b67054ef132c) Importer(815301076,1909f56bfc062723c751e8b465ee728b)
Start importing Assets/TextureMap.mat using Guid(90ee5089f25184081b79b67054ef132c) Importer(815301076,1909f56bfc062723c751e8b465ee728b)  -> (artifact id: '372cd2a3a1ad32664702a4d5f06e7ddb') in 0.206309 seconds 
  Import took 0.208915 seconds .

========================================================================
Received Import Request.
  Time since last request: 0.000149 seconds.
  path: Assets/Marble.mat
  artifactKey: Guid(b18154256f46a42f1a5001e7c04ea7a2) Importer(815301076,1909f56bfc062723c751e8b465ee728b)
Start importing Assets/Marble.mat using Guid(b18154256f46a42f1a5001e7c04ea7a2) Importer(815301076,1909f56bfc062723c751e8b465ee728b)  -> (artifact id: 'dc6c6082f6a0b7874646d13f8b0e21f2') in 0.175053 seconds 
  Import took 0.177535 seconds .

========================================================================
Received Import Request.
  Time since last request: 0.000151 seconds.
  path: Assets/TextPrefab.prefab
  artifactKey: Guid(5fc3c85d944944c308e0bcc0cf1641c4) Importer(815301076,1909f56bfc062723c751e8b465ee728b)
Start importing Assets/TextPrefab.prefab using Guid(5fc3c85d944944c308e0bcc0cf1641c4) Importer(815301076,1909f56bfc062723c751e8b465ee728b)  -> (artifact id: '63b750e632b90e028786330dd3ba2e22') in 0.017739 seconds 
  Import took 0.021087 seconds .

========================================================================
Received Import Request.
  Time since last request: 38.790244 seconds.
  path: Assets/Main
  artifactKey: Guid(bb2d29a0bca089b4cbeb9718a4178542) Importer(815301076,1909f56bfc062723c751e8b465ee728b)
Start importing Assets/Main using Guid(bb2d29a0bca089b4cbeb9718a4178542) Importer(815301076,1909f56bfc062723c751e8b465ee728b)  -> (artifact id: '59079d606319dfefa7236480faa745a4') in 0.005280 seconds 
  Import took 0.008030 seconds .

========================================================================
Received Import Request.
  Time since last request: 35.237064 seconds.
  path: Assets/Blocks
  artifactKey: Guid(0f4ebe7170fbc2f498b72e9a037754db) Importer(815301076,1909f56bfc062723c751e8b465ee728b)
Start importing Assets/Blocks using Guid(0f4ebe7170fbc2f498b72e9a037754db) Importer(815301076,1909f56bfc062723c751e8b465ee728b)  -> (artifact id: '97180e4c28e661843eeef8355d82be03') in 0.005251 seconds 
  Import took 0.007655 seconds .

========================================================================
Received Import Request.
  Time since last request: 2.975333 seconds.
  path: Assets/Cube.unity
  artifactKey: Guid(f9bd16b8d901f4e64a253bc57ab7623a) Importer(815301076,1909f56bfc062723c751e8b465ee728b)
Start importing Assets/Cube.unity using Guid(f9bd16b8d901f4e64a253bc57ab7623a) Importer(815301076,1909f56bfc062723c751e8b465ee728b)  -> (artifact id: 'de6e7635a85b9fef9615da5e30cc0f24') in 0.005747 seconds 
  Import took 0.008097 seconds .

========================================================================
Received Prepare
Registering precompiled user dll's ...
Registered in 0.003378 seconds.
Begin MonoManager ReloadAssembly
Native extension for WindowsStandalone target not found
Refreshing native plugins compatible for Editor in 0.46 ms, found 2 plugins.
Preloading 0 native plugins for Editor in 0.00 ms.
Mono: successfully reloaded assembly
- Completed reload, in  0.696 seconds
Domain Reload Profiling:
	ReloadAssembly (696ms)
		BeginReloadAssembly (90ms)
			ExecutionOrderSort (0ms)
			DisableScriptedObjects (3ms)
			BackupInstance (0ms)
			ReleaseScriptingObjects (0ms)
			CreateAndSetChildDomain (28ms)
		EndReloadAssembly (561ms)
			LoadAssemblies (70ms)
			RebuildTransferFunctionScriptingTraits (0ms)
			SetupTypeCache (182ms)
			ReleaseScriptCaches (1ms)
			RebuildScriptCaches (27ms)
			SetupLoadedEditorAssemblies (218ms)
				LogAssemblyErrors (0ms)
				InitializePlatformSupportModulesInManaged (4ms)
				SetLoadedEditorAssemblies (0ms)
				RefreshPlugins (1ms)
				BeforeProcessingInitializeOnLoad (68ms)
				ProcessInitializeOnLoadAttributes (131ms)
				ProcessInitializeOnLoadMethodAttributes (7ms)
				AfterProcessingInitializeOnLoad (6ms)
				EditorAssembliesLoaded (0ms)
			ExecutionOrderSort2 (0ms)
			AwakeInstancesAfterBackupRestoration (5ms)
Platform modules already initialized, skipping
Refreshing native plugins compatible for Editor in 0.39 ms, found 2 plugins.
Preloading 0 native plugins for Editor in 0.00 ms.
Unloading 1497 Unused Serialized files (Serialized files now loaded: 0)
System memory in use before: 71.4 MB.
System memory in use after: 71.6 MB.

Unloading 14 unused Assets to reduce memory usage. Loaded Objects now: 1983.
Total: 2.933100 ms (FindLiveObjects: 0.159600 ms CreateObjectMapping: 0.044500 ms MarkObjects: 2.706400 ms  DeleteObjects: 0.021600 ms)

AssetImportParameters requested are different than current active one (requested -> active):
  custom:framework-win-MediaFoundation: 216162199b28c13a410421893ffa2e32 -> 
  custom:video-decoder-ogg-theora: a1e56fd34408186e4bbccfd4996cb3dc -> 
  custom:container-muxer-webm: aa71ff27fc2769a1b78a27578f13a17b -> 
  custom:container-demuxer-webm: 4f35f7cbe854078d1ac9338744f61a02 -> 
  custom:container-demuxer-ogg: 62fdf1f143b41e24485cea50d1cbac27 -> 
  custom:video-encoder-webm-vp8: eb34c28f22e8b96e1ab97ce403110664 -> 
  custom:video-decoder-webm-vp8: 9c59270c3fd7afecdb556c50c9e8de78 -> 
  custom:audio-decoder-ogg-vorbis: bf7c407c2cedff20999df2af8eb42d56 -> 
  custom:audio-encoder-webm-vorbis: bf7c407c2cedff20999df2af8eb42d56 -> 
========================================================================
Received Prepare
Registering precompiled user dll's ...
Registered in 0.003533 seconds.
Begin MonoManager ReloadAssembly
Native extension for WindowsStandalone target not found
Refreshing native plugins compatible for Editor in 0.41 ms, found 2 plugins.
Preloading 0 native plugins for Editor in 0.00 ms.
Mono: successfully reloaded assembly
- Completed reload, in  0.686 seconds
Domain Reload Profiling:
	ReloadAssembly (687ms)
		BeginReloadAssembly (92ms)
			ExecutionOrderSort (0ms)
			DisableScriptedObjects (4ms)
			BackupInstance (0ms)
			ReleaseScriptingObjects (0ms)
			CreateAndSetChildDomain (27ms)
		EndReloadAssembly (550ms)
			LoadAssemblies (74ms)
			RebuildTransferFunctionScriptingTraits (0ms)
			SetupTypeCache (179ms)
			ReleaseScriptCaches (1ms)
			RebuildScriptCaches (24ms)
			SetupLoadedEditorAssemblies (214ms)
				LogAssemblyErrors (0ms)
				InitializePlatformSupportModulesInManaged (4ms)
				SetLoadedEditorAssemblies (0ms)
				RefreshPlugins (0ms)
				BeforeProcessingInitializeOnLoad (64ms)
				ProcessInitializeOnLoadAttributes (132ms)
				ProcessInitializeOnLoadMethodAttributes (7ms)
				AfterProcessingInitializeOnLoad (6ms)
				EditorAssembliesLoaded (0ms)
			ExecutionOrderSort2 (0ms)
			AwakeInstancesAfterBackupRestoration (6ms)
Platform modules already initialized, skipping
Refreshing native plugins compatible for Editor in 0.40 ms, found 2 plugins.
Preloading 0 native plugins for Editor in 0.00 ms.
Unloading 1497 Unused Serialized files (Serialized files now loaded: 0)
System memory in use before: 71.5 MB.
System memory in use after: 71.6 MB.

Unloading 14 unused Assets to reduce memory usage. Loaded Objects now: 1985.
Total: 2.719000 ms (FindLiveObjects: 0.122300 ms CreateObjectMapping: 0.035800 ms MarkObjects: 2.540500 ms  DeleteObjects: 0.019700 ms)

AssetImportParameters requested are different than current active one (requested -> active):
  custom:framework-win-MediaFoundation: 216162199b28c13a410421893ffa2e32 -> 
  custom:video-decoder-ogg-theora: a1e56fd34408186e4bbccfd4996cb3dc -> 
  custom:container-muxer-webm: aa71ff27fc2769a1b78a27578f13a17b -> 
  custom:container-demuxer-webm: 4f35f7cbe854078d1ac9338744f61a02 -> 
  custom:container-demuxer-ogg: 62fdf1f143b41e24485cea50d1cbac27 -> 
  custom:video-encoder-webm-vp8: eb34c28f22e8b96e1ab97ce403110664 -> 
  custom:video-decoder-webm-vp8: 9c59270c3fd7afecdb556c50c9e8de78 -> 
  custom:audio-decoder-ogg-vorbis: bf7c407c2cedff20999df2af8eb42d56 -> 
  custom:audio-encoder-webm-vorbis: bf7c407c2cedff20999df2af8eb42d56 -> 
========================================================================
Received Import Request.
  Time since last request: 44.505160 seconds.
  path: Assets/Main/Blocks/CubeProperties.cs
  artifactKey: Guid(71e3539335c614a458b41c1a2258f1a7) Importer(815301076,1909f56bfc062723c751e8b465ee728b)
Start importing Assets/Main/Blocks/CubeProperties.cs using Guid(71e3539335c614a458b41c1a2258f1a7) Importer(815301076,1909f56bfc062723c751e8b465ee728b)  -> (artifact id: '0c88a3c643e0b6000c517eab89f5a2d0') in 0.011574 seconds 
  Import took 0.014164 seconds .

